<?xml version="1.0" encoding="UTF-8"?>
<!-- Generated by org.testng.reporters.JUnitReportReporter -->
<testsuite hostname="User-PC" failures="0" tests="2" name="interviewTests.InterviewTests" time="28.956" errors="0" timestamp="2022-09-25T18:33:25 MSK" skipped="0">
  <testcase classname="interviewTests.InterviewTests" name="createInterviewAccount" time="10.065"/>
  <system-out/>
  <testcase classname="interviewTests.InterviewTests" name="editInterviewAccount" time="18.891"/>
  <system-out/>
</testsuite> <!-- interviewTests.InterviewTests -->
